<?xml version="1.0" encoding="UTF-8"?>
<testsuites>
  <testsuite name="fastlane.lanes">
    
    
    
      
      <testcase classname="fastlane.lanes" name="0: cocoapods" time="15.40338">
        
      </testcase>
    
      
      <testcase classname="fastlane.lanes" name="1: git_add" time="0.694551">
        
      </testcase>
    
      
      <testcase classname="fastlane.lanes" name="2: git_commit" time="0.374139">
        
      </testcase>
    
      
      <testcase classname="fastlane.lanes" name="3: push_to_git_remote" time="6.776562">
        
      </testcase>
    
      
      <testcase classname="fastlane.lanes" name="4: git_tag_exists" time="0.013961">
        
      </testcase>
    
      
      <testcase classname="fastlane.lanes" name="5: add_git_tag" time="0.022522">
        
      </testcase>
    
      
      <testcase classname="fastlane.lanes" name="6: push_git_tags" time="6.516171">
        
      </testcase>
    
      
      <testcase classname="fastlane.lanes" name="7: pod_push" time="325.556909">
        
          <failure message="/Users/wangyu/.rvm/gems/ruby-2.2.2@global/gems/fastlane-2.134.0/fastlane/lib/fastlane/actions/actions_helper.rb:48:in `execute_action'&#10;/Users/wangyu/.rvm/gems/ruby-2.2.2@global/gems/fastlane-2.134.0/fastlane/lib/fastlane/runner.rb:235:in `block in execute_action'&#10;/Users/wangyu/.rvm/gems/ruby-2.2.2@global/gems/fastlane-2.134.0/fastlane/lib/fastlane/runner.rb:227:in `chdir'&#10;/Users/wangyu/.rvm/gems/ruby-2.2.2@global/gems/fastlane-2.134.0/fastlane/lib/fastlane/runner.rb:227:in `execute_action'&#10;/Users/wangyu/.rvm/gems/ruby-2.2.2@global/gems/fastlane-2.134.0/fastlane/lib/fastlane/runner.rb:157:in `trigger_action_by_name'&#10;/Users/wangyu/.rvm/gems/ruby-2.2.2@global/gems/fastlane-2.134.0/fastlane/lib/fastlane/fast_file.rb:159:in `method_missing'&#10;Fastfile:43:in `block in parsing_binding'&#10;/Users/wangyu/.rvm/gems/ruby-2.2.2@global/gems/fastlane-2.134.0/fastlane/lib/fastlane/lane.rb:33:in `call'&#10;/Users/wangyu/.rvm/gems/ruby-2.2.2@global/gems/fastlane-2.134.0/fastlane/lib/fastlane/lane.rb:33:in `call'&#10;/Users/wangyu/.rvm/gems/ruby-2.2.2@global/gems/fastlane-2.134.0/fastlane/lib/fastlane/runner.rb:49:in `block in execute'&#10;/Users/wangyu/.rvm/gems/ruby-2.2.2@global/gems/fastlane-2.134.0/fastlane/lib/fastlane/runner.rb:45:in `chdir'&#10;/Users/wangyu/.rvm/gems/ruby-2.2.2@global/gems/fastlane-2.134.0/fastlane/lib/fastlane/runner.rb:45:in `execute'&#10;/Users/wangyu/.rvm/gems/ruby-2.2.2@global/gems/fastlane-2.134.0/fastlane/lib/fastlane/lane_manager.rb:56:in `cruise_lane'&#10;/Users/wangyu/.rvm/gems/ruby-2.2.2@global/gems/fastlane-2.134.0/fastlane/lib/fastlane/command_line_handler.rb:36:in `handle'&#10;/Users/wangyu/.rvm/gems/ruby-2.2.2@global/gems/fastlane-2.134.0/fastlane/lib/fastlane/commands_generator.rb:108:in `block (2 levels) in run'&#10;/Users/wangyu/.rvm/gems/ruby-2.2.2@global/gems/commander-fastlane-4.4.6/lib/commander/command.rb:178:in `call'&#10;/Users/wangyu/.rvm/gems/ruby-2.2.2@global/gems/commander-fastlane-4.4.6/lib/commander/command.rb:178:in `call'&#10;/Users/wangyu/.rvm/gems/ruby-2.2.2@global/gems/commander-fastlane-4.4.6/lib/commander/command.rb:153:in `run'&#10;/Users/wangyu/.rvm/gems/ruby-2.2.2@global/gems/commander-fastlane-4.4.6/lib/commander/runner.rb:476:in `run_active_command'&#10;/Users/wangyu/.rvm/rubies/ruby-2.2.2/lib/ruby/gems/2.2.0/gems/fastlane-2.134.0/fastlane_core/lib/fastlane_core/ui/fastlane_runner.rb:76:in `run!'&#10;/Users/wangyu/.rvm/gems/ruby-2.2.2@global/gems/commander-fastlane-4.4.6/lib/commander/delegates.rb:15:in `run!'&#10;/Users/wangyu/.rvm/gems/ruby-2.2.2@global/gems/fastlane-2.134.0/fastlane/lib/fastlane/commands_generator.rb:349:in `run'&#10;/Users/wangyu/.rvm/gems/ruby-2.2.2@global/gems/fastlane-2.134.0/fastlane/lib/fastlane/commands_generator.rb:41:in `start'&#10;/Users/wangyu/.rvm/gems/ruby-2.2.2@global/gems/fastlane-2.134.0/fastlane/lib/fastlane/cli_tools_distributor.rb:119:in `take_off'&#10;/Users/wangyu/.rvm/gems/ruby-2.2.2@global/gems/fastlane-2.134.0/bin/fastlane:23:in `&lt;top (required)&gt;'&#10;/Users/wangyu/.rvm/gems/ruby-2.2.2/bin/fastlane:23:in `load'&#10;/Users/wangyu/.rvm/gems/ruby-2.2.2/bin/fastlane:23:in `&lt;main&gt;'&#10;&#10;Exit status of command 'pod repo push WFSpecs 'WFApplyArea.podspec' --allow-warnings' was 1 instead of 0.&#10;&#10;Validating spec&#10; -&gt; WFApplyArea -&gt; WFApplyArea (0.6.7)&#10;    - ERROR | [iOS] xcodebuild: Returned an unsuccessful exit code. You can use `--verbose` for more information.&#10;    - NOTE  | xcodebuild:  note: Using new build system&#10;    - NOTE  | xcodebuild:  note: Building targets in parallel&#10;    - NOTE  | [iOS] xcodebuild:  note: Planning build&#10;    - NOTE  | [iOS] xcodebuild:  note: Constructing build description&#10;    - NOTE  | xcodebuild:  libpng warning: Warning: Input PNG does not have an 8 bit input depth.  Please convert your PNG to 8-bit for optimal performance on iPhone OS.&#10;    - NOTE  | [iOS] xcodebuild:  note: Execution policy exception registration failed and was skipped: Error Domain=NSPOSIXErrorDomain Code=1 &quot;Operation not permitted&quot; (in target 'WKFunComponents-WKFunComponents' from project 'Pods')&#10;    - NOTE  | [iOS] xcodebuild:  note: Execution policy exception registration failed and was skipped: Error Domain=NSPOSIXErrorDomain Code=1 &quot;Operation not permitted&quot; (in target 'WFKitMain-WFKitMain' from project 'Pods')&#10;    - NOTE  | [iOS] xcodebuild:  note: Execution policy exception registration failed and was skipped: Error Domain=NSPOSIXErrorDomain Code=1 &quot;Operation not permitted&quot; (in target 'dsBridge' from project 'Pods')&#10;    - NOTE  | [iOS] xcodebuild:  note: Execution policy exception registration failed and was skipped: Error Domain=NSPOSIXErrorDomain Code=1 &quot;Operation not permitted&quot; (in target 'WYAutoLayout' from project 'Pods')&#10;    - NOTE  | [iOS] xcodebuild:  note: Execution policy exception registration failed and was skipped: Error Domain=NSPOSIXErrorDomain Code=1 &quot;Operation not permitted&quot; (in target 'WFShopMall-WFShopMall' from project 'Pods')&#10;    - NOTE  | [iOS] xcodebuild:  note: Execution policy exception registration failed and was skipped: Error Domain=NSPOSIXErrorDomain Code=1 &quot;Operation not permitted&quot; (in target 'WFKitLogin-WFKitLogin' from project 'Pods')&#10;    - NOTE  | [iOS] xcodebuild:  note: Execution policy exception registration failed and was skipped: Error Domain=NSPOSIXErrorDomain Code=1 &quot;Operation not permitted&quot; (in target 'WFBasics-WFBasics' from project 'Pods')&#10;    - NOTE  | [iOS] xcodebuild:  note: Execution policy exception registration failed and was skipped: Error Domain=NSPOSIXErrorDomain Code=1 &quot;Operation not permitted&quot; (in target 'WFApplyArea-WFApplyArea' from project 'Pods')&#10;    - NOTE  | [iOS] xcodebuild:  note: Execution policy exception registration failed and was skipped: Error Domain=NSPOSIXErrorDomain Code=1 &quot;Operation not permitted&quot; (in target 'SVProgressHUD' from project 'Pods')&#10;    - NOTE  | [iOS] xcodebuild:  note: Execution policy exception registration failed and was skipped: Error Domain=NSPOSIXErrorDomain Code=1 &quot;Operation not permitted&quot; (in target 'TZImagePickerController' from project 'Pods')&#10;    - NOTE  | [iOS] xcodebuild:  note: Execution policy exception registration failed and was skipped: Error Domain=NSPOSIXErrorDomain Code=1 &quot;Operation not permitted&quot; (in target 'SDWebImage' from project 'Pods')&#10;    - NOTE  | [iOS] xcodebuild:  note: Execution policy exception registration failed and was skipped: Error Domain=NSPOSIXErrorDomain Code=1 &quot;Operation not permitted&quot; (in target 'MJRefresh' from project 'Pods')&#10;    - NOTE  | [iOS] xcodebuild:  note: Execution policy exception registration failed and was skipped: Error Domain=NSPOSIXErrorDomain Code=1 &quot;Operation not permitted&quot; (in target 'MJExtension' from project 'Pods')&#10;    - NOTE  | [iOS] xcodebuild:  note: Execution policy exception registration failed and was skipped: Error Domain=NSPOSIXErrorDomain Code=1 &quot;Operation not permitted&quot; (in target 'IQKeyboardManager' from project 'Pods')&#10;    - NOTE  | [iOS] xcodebuild:  note: Execution policy exception registration failed and was skipped: Error Domain=NSPOSIXErrorDomain Code=1 &quot;Operation not permitted&quot; (in target 'AFNetworking' from project 'Pods')&#10;    - NOTE  | [iOS] xcodebuild:  ld: warning: meta method 'dictionTransformationJson:' in category from /Users/wangyu/Library/Developer/Xcode/DerivedData/App-ghbemarwwvppkqctcmoilexvbgkv/Build/Intermediates.noindex/Pods.build/Release-iphonesimulator/WFBasics.build/Objects-normal/x86_64/NSString+Regular.o conflicts with same method from another category&#10;    - NOTE  | [iOS] xcodebuild:  ld: warning: meta method 'isBlankString:' in category from /Users/wangyu/Library/Developer/Xcode/DerivedData/App-ghbemarwwvppkqctcmoilexvbgkv/Build/Intermediates.noindex/Pods.build/Release-iphonesimulator/WFBasics.build/Objects-normal/x86_64/NSString+Regular.o conflicts with same method from another category&#10;    - NOTE  | [iOS] xcodebuild:  note: Execution policy exception registration failed and was skipped: Error Domain=NSPOSIXErrorDomain Code=1 &quot;Operation not permitted&quot; (in target 'WKFunComponents' from project 'Pods')&#10;    - NOTE  | [iOS] xcodebuild:  note: Execution policy exception registration failed and was skipped: Error Domain=NSPOSIXErrorDomain Code=1 &quot;Operation not permitted&quot; (in target 'WFHomeAddress' from project 'Pods')&#10;    - NOTE  | [iOS] xcodebuild:  ld: warning: meta method 'dictionTransformationJson:' in category from /Users/wangyu/Library/Developer/Xcode/DerivedData/App-ghbemarwwvppkqctcmoilexvbgkv/Build/Intermediates.noindex/Pods.build/Release-iphonesimulator/WFBasics.build/Objects-normal/i386/NSString+Regular.o conflicts with same method from another category&#10;    - NOTE  | [iOS] xcodebuild:  ld: warning: meta method 'isBlankString:' in category from /Users/wangyu/Library/Developer/Xcode/DerivedData/App-ghbemarwwvppkqctcmoilexvbgkv/Build/Intermediates.noindex/Pods.build/Release-iphonesimulator/WFBasics.build/Objects-normal/i386/NSString+Regular.o conflicts with same method from another category&#10;    - NOTE  | [iOS] xcodebuild:  note: Execution policy exception registration failed and was skipped: Error Domain=NSPOSIXErrorDomain Code=1 &quot;Operation not permitted&quot; (in target 'WFBasics' from project 'Pods')&#10;    - NOTE  | [iOS] xcodebuild:  note: Execution policy exception registration failed and was skipped: Error Domain=NSPOSIXErrorDomain Code=1 &quot;Operation not permitted&quot; (in target 'WFKitMain' from project 'Pods')&#10;    - NOTE  | [iOS] xcodebuild:  note: Execution policy exception registration failed and was skipped: Error Domain=NSPOSIXErrorDomain Code=1 &quot;Operation not permitted&quot; (in target 'WFKitLogin' from project 'Pods')&#10;    - ERROR | [iOS] xcodebuild:  WFShopMall/WFShopMall/Classes/ShopMall/Controller/WFShopMallViewController.m:128:11: error: property 'webProgressLayer' not found on object of type 'WFShopMallViewController *'&#10;    - NOTE  | xcodebuild:  warning: Could not read serialized diagnostics file: Cannot Load File: Failed to open diagnostics file (in target 'WFShopMall' from project 'Pods')&#10;    - NOTE  | [iOS] xcodebuild:  warning: MobileCoreServices has been renamed. Use CoreServices instead. (in target 'TZImagePickerController' from project 'Pods')&#10;    - NOTE  | [iOS] xcodebuild:  warning: Skipping code signing because the target does not have an Info.plist file and one is not being generated automatically. (in target 'App' from project 'App')&#10;&#10;[!] The `WFApplyArea.podspec` specification does not validate.&#10;&#10;[!] Found multiple specifications for `WFKitMain (0.1.0)`:&#10;- /Users/wangyu/.cocoapods/repos/WFSpecs/WFKitMain/0.1.0/WFKitMain.podspec&#10;- /Users/wangyu/.cocoapods/repos/WKBaseSpecs/WFKitMain/0.1.0/WFKitMain.podspec&#10;&#10;[!] Found multiple specifications for `WKFunComponents (0.1.0)`:&#10;- /Users/wangyu/.cocoapods/repos/WFSpecs/WKFunComponents/0.1.0/WKFunComponents.podspec&#10;- /Users/wangyu/.cocoapods/repos/WKBaseSpecs/WKFunComponents/0.1.0/WKFunComponents.podspec&#10;" />
        
      </testcase>
    
  </testsuite>
</testsuites>
